<?xml version="1.0" encoding="UTF-8"?>
<testng-results ignored="0" total="1" passed="1" failed="0" skipped="0">
  <reporter-output>
  </reporter-output>
  <suite started-at="2022-11-13T21:02:42 COT" name="Testing Google Search with different keywords" finished-at="2022-11-13T21:04:52 COT" duration-ms="130420">
    <groups>
    </groups>
    <test started-at="2022-11-13T21:02:42 COT" name="Page Object Model using By and TestNG" finished-at="2022-11-13T21:04:52 COT" duration-ms="130420">
      <class name="quickstart.Tests.DemoTest2">
        <test-method is-config="true" signature="startTestSuite()[pri:0, instance:quickstart.Tests.DemoTest2@515aebb0]" started-at="2022-11-13T21:02:19 COT" name="startTestSuite" finished-at="2022-11-13T21:02:42 COT" duration-ms="23058" status="PASS">
          <reporter-output>
          </reporter-output>
        </test-method> <!-- startTestSuite -->
        <test-method is-config="true" signature="startTest(java.lang.reflect.Method)[pri:0, instance:quickstart.Tests.DemoTest2@515aebb0]" started-at="2022-11-13T21:02:42 COT" name="startTest" finished-at="2022-11-13T21:03:00 COT" duration-ms="18230" status="PASS">
          <params>
            <param index="0">
              <value>
                <![CDATA[public void quickstart.Tests.DemoTest2.AmazonSearch_automationScript() throws java.io.IOException,java.lang.InterruptedException]]>
              </value>
            </param>
          </params>
          <reporter-output>
          </reporter-output>
        </test-method> <!-- startTest -->
        <test-method signature="AmazonSearch_automationScript()[pri:0, instance:quickstart.Tests.DemoTest2@515aebb0]" started-at="2022-11-13T21:03:00 COT" name="AmazonSearch_automationScript" finished-at="2022-11-13T21:04:52 COT" duration-ms="111936" status="PASS">
          <reporter-output>
          </reporter-output>
        </test-method> <!-- AmazonSearch_automationScript -->
        <test-method is-config="true" signature="endTest()[pri:0, instance:quickstart.Tests.DemoTest2@515aebb0]" started-at="2022-11-13T21:04:52 COT" name="endTest" finished-at="2022-11-13T21:04:52 COT" duration-ms="2" status="PASS">
          <reporter-output>
          </reporter-output>
        </test-method> <!-- endTest -->
        <test-method is-config="true" signature="endTestSuite()[pri:0, instance:quickstart.Tests.DemoTest2@515aebb0]" started-at="2022-11-13T21:04:53 COT" name="endTestSuite" finished-at="2022-11-13T21:04:58 COT" duration-ms="5741" status="PASS">
          <reporter-output>
          </reporter-output>
        </test-method> <!-- endTestSuite -->
      </class> <!-- quickstart.Tests.DemoTest2 -->
    </test> <!-- Page Object Model using By and TestNG -->
  </suite> <!-- Testing Google Search with different keywords -->
</testng-results>
